c:\users\tedhuang\documents\cypresscx3\dtofdemoapp\dtofdemoapp\dtofdemoapp\x64\release\dtofdemoapp.pch
c:\users\tedhuang\documents\cypresscx3\dtofdemoapp\dtofdemoapp\dtofdemoapp\x64\release\vc143.pdb
c:\users\tedhuang\documents\cypresscx3\dtofdemoapp\dtofdemoapp\dtofdemoapp\x64\release\pch.obj
c:\users\tedhuang\documents\cypresscx3\dtofdemoapp\dtofdemoapp\dtofdemoapp\x64\release\dtofdemoappdlg.obj
c:\users\tedhuang\documents\cypresscx3\dtofdemoapp\dtofdemoapp\dtofdemoapp\x64\release\directshowcamera.obj
c:\users\tedhuang\documents\cypresscx3\dtofdemoapp\dtofdemoapp\dtofdemoapp\x64\release\dtofdemoapp.obj
c:\users\tedhuang\documents\cypresscx3\dtofdemoapp\dtofdemoapp\x64\release\dtofdemoapp.exe
c:\users\tedhuang\documents\cypresscx3\dtofdemoapp\dtofdemoapp\x64\release\dtofdemoapp.pdb
c:\users\tedhuang\documents\cypresscx3\dtofdemoapp\dtofdemoapp\dtofdemoapp\x64\release\dtofdemoapp.res
c:\users\tedhuang\documents\cypresscx3\dtofdemoapp\dtofdemoapp\dtofdemoapp\x64\release\dtofdemoapp.tlog\cl.command.1.tlog
c:\users\tedhuang\documents\cypresscx3\dtofdemoapp\dtofdemoapp\dtofdemoapp\x64\release\dtofdemoapp.tlog\cl.items.tlog
c:\users\tedhuang\documents\cypresscx3\dtofdemoapp\dtofdemoapp\dtofdemoapp\x64\release\dtofdemoapp.tlog\cl.read.1.tlog
c:\users\tedhuang\documents\cypresscx3\dtofdemoapp\dtofdemoapp\dtofdemoapp\x64\release\dtofdemoapp.tlog\cl.write.1.tlog
c:\users\tedhuang\documents\cypresscx3\dtofdemoapp\dtofdemoapp\dtofdemoapp\x64\release\dtofdemoapp.tlog\link.command.1.tlog
c:\users\tedhuang\documents\cypresscx3\dtofdemoapp\dtofdemoapp\dtofdemoapp\x64\release\dtofdemoapp.tlog\link.read.1.tlog
c:\users\tedhuang\documents\cypresscx3\dtofdemoapp\dtofdemoapp\dtofdemoapp\x64\release\dtofdemoapp.tlog\link.secondary.1.tlog
c:\users\tedhuang\documents\cypresscx3\dtofdemoapp\dtofdemoapp\dtofdemoapp\x64\release\dtofdemoapp.tlog\link.write.1.tlog
c:\users\tedhuang\documents\cypresscx3\dtofdemoapp\dtofdemoapp\dtofdemoapp\x64\release\dtofdemoapp.tlog\rc.command.1.tlog
c:\users\tedhuang\documents\cypresscx3\dtofdemoapp\dtofdemoapp\dtofdemoapp\x64\release\dtofdemoapp.tlog\rc.read.1.tlog
c:\users\tedhuang\documents\cypresscx3\dtofdemoapp\dtofdemoapp\dtofdemoapp\x64\release\dtofdemoapp.tlog\rc.write.1.tlog
